<?xml version="1.0" encoding="UTF-8"?>
<testsuite name="tests.AssetTests" tests="1" skipped="0" failures="0" errors="0" timestamp="2024-05-09T09:59:17" hostname="CSE270PC11" time="0.008">
  <properties/>
  <testcase name="testShipAssetExists" classname="tests.AssetTests" time="0.008"/>
  <system-out><![CDATA[]]></system-out>
  <system-err><![CDATA[]]></system-err>
</testsuite>
